[2026-01-15 15:06:15] laravel.EMERGENCY: Unable to create configured logger. Using emergency logger. {"exception":"[object] (InvalidArgumentException(code: 0): Log [] is not defined. at /home/toni/Documentos/dpl_antonio/ut4/a3/travelroad/vendor/laravel/framework/src/Illuminate/Log/LogManager.php:212)
[stacktrace]
#0 /home/toni/Documentos/dpl_antonio/ut4/a3/travelroad/vendor/laravel/framework/src/Illuminate/Log/LogManager.php(137): Illuminate\\Log\\LogManager->resolve()
#1 /home/toni/Documentos/dpl_antonio/ut4/a3/travelroad/vendor/laravel/framework/src/Illuminate/Log/LogManager.php(124): Illuminate\\Log\\LogManager->get()
#2 /home/toni/Documentos/dpl_antonio/ut4/a3/travelroad/vendor/laravel/framework/src/Illuminate/Log/LogManager.php(681): Illuminate\\Log\\LogManager->driver()
#3 /home/toni/Documentos/dpl_antonio/ut4/a3/travelroad/vendor/laravel/framework/src/Illuminate/Foundation/Exceptions/Handler.php(317): Illuminate\\Log\\LogManager->error()
#4 /home/toni/Documentos/dpl_antonio/ut4/a3/travelroad/vendor/laravel/framework/src/Illuminate/Foundation/Exceptions/Handler.php(278): Illuminate\\Foundation\\Exceptions\\Handler->reportThrowable()
#5 /home/toni/Documentos/dpl_antonio/ut4/a3/travelroad/vendor/laravel/framework/src/Illuminate/Foundation/Console/Kernel.php(523): Illuminate\\Foundation\\Exceptions\\Handler->report()
#6 /home/toni/Documentos/dpl_antonio/ut4/a3/travelroad/vendor/laravel/framework/src/Illuminate/Foundation/Console/Kernel.php(203): Illuminate\\Foundation\\Console\\Kernel->reportException()
#7 /home/toni/Documentos/dpl_antonio/ut4/a3/travelroad/artisan(12): Illuminate\\Foundation\\Console\\Kernel->handle()
#8 {main}
"} 
[2026-01-15 15:06:15] laravel.ERROR: The /home/toni/Documentos/dpl_antonio/ut4/a3/travelroad/bootstrap/cache directory must be present and writable. {"exception":"[object] (Exception(code: 0): The /home/toni/Documentos/dpl_antonio/ut4/a3/travelroad/bootstrap/cache directory must be present and writable. at /home/toni/Documentos/dpl_antonio/ut4/a3/travelroad/vendor/laravel/framework/src/Illuminate/Foundation/PackageManifest.php:178)
[stacktrace]
#0 /home/toni/Documentos/dpl_antonio/ut4/a3/travelroad/vendor/laravel/framework/src/Illuminate/Foundation/PackageManifest.php(131): Illuminate\\Foundation\\PackageManifest->write()
#1 /home/toni/Documentos/dpl_antonio/ut4/a3/travelroad/vendor/laravel/framework/src/Illuminate/Foundation/PackageManifest.php(107): Illuminate\\Foundation\\PackageManifest->build()
#2 /home/toni/Documentos/dpl_antonio/ut4/a3/travelroad/vendor/laravel/framework/src/Illuminate/Foundation/PackageManifest.php(90): Illuminate\\Foundation\\PackageManifest->getManifest()
#3 /home/toni/Documentos/dpl_antonio/ut4/a3/travelroad/vendor/laravel/framework/src/Illuminate/Foundation/PackageManifest.php(79): Illuminate\\Foundation\\PackageManifest->config()
#4 /home/toni/Documentos/dpl_antonio/ut4/a3/travelroad/vendor/laravel/framework/src/Illuminate/Foundation/Bootstrap/RegisterFacades.php(26): Illuminate\\Foundation\\PackageManifest->aliases()
#5 /home/toni/Documentos/dpl_antonio/ut4/a3/travelroad/vendor/laravel/framework/src/Illuminate/Foundation/Application.php(286): Illuminate\\Foundation\\Bootstrap\\RegisterFacades->bootstrap()
#6 /home/toni/Documentos/dpl_antonio/ut4/a3/travelroad/vendor/laravel/framework/src/Illuminate/Foundation/Console/Kernel.php(447): Illuminate\\Foundation\\Application->bootstrapWith()
#7 /home/toni/Documentos/dpl_antonio/ut4/a3/travelroad/vendor/laravel/framework/src/Illuminate/Foundation/Console/Kernel.php(199): Illuminate\\Foundation\\Console\\Kernel->bootstrap()
#8 /home/toni/Documentos/dpl_antonio/ut4/a3/travelroad/artisan(12): Illuminate\\Foundation\\Console\\Kernel->handle()
#9 {main}
"} 
[2026-01-15 15:06:24] laravel.EMERGENCY: Unable to create configured logger. Using emergency logger. {"exception":"[object] (InvalidArgumentException(code: 0): Log [] is not defined. at /home/toni/Documentos/dpl_antonio/ut4/a3/travelroad/vendor/laravel/framework/src/Illuminate/Log/LogManager.php:212)
[stacktrace]
#0 /home/toni/Documentos/dpl_antonio/ut4/a3/travelroad/vendor/laravel/framework/src/Illuminate/Log/LogManager.php(137): Illuminate\\Log\\LogManager->resolve()
#1 /home/toni/Documentos/dpl_antonio/ut4/a3/travelroad/vendor/laravel/framework/src/Illuminate/Log/LogManager.php(124): Illuminate\\Log\\LogManager->get()
#2 /home/toni/Documentos/dpl_antonio/ut4/a3/travelroad/vendor/laravel/framework/src/Illuminate/Log/LogManager.php(681): Illuminate\\Log\\LogManager->driver()
#3 /home/toni/Documentos/dpl_antonio/ut4/a3/travelroad/vendor/laravel/framework/src/Illuminate/Foundation/Exceptions/Handler.php(317): Illuminate\\Log\\LogManager->error()
#4 /home/toni/Documentos/dpl_antonio/ut4/a3/travelroad/vendor/laravel/framework/src/Illuminate/Foundation/Exceptions/Handler.php(278): Illuminate\\Foundation\\Exceptions\\Handler->reportThrowable()
#5 /home/toni/Documentos/dpl_antonio/ut4/a3/travelroad/vendor/laravel/framework/src/Illuminate/Foundation/Console/Kernel.php(523): Illuminate\\Foundation\\Exceptions\\Handler->report()
#6 /home/toni/Documentos/dpl_antonio/ut4/a3/travelroad/vendor/laravel/framework/src/Illuminate/Foundation/Console/Kernel.php(203): Illuminate\\Foundation\\Console\\Kernel->reportException()
#7 /home/toni/Documentos/dpl_antonio/ut4/a3/travelroad/artisan(12): Illuminate\\Foundation\\Console\\Kernel->handle()
#8 {main}
"} 
[2026-01-15 15:06:24] laravel.ERROR: The /home/toni/Documentos/dpl_antonio/ut4/a3/travelroad/bootstrap/cache directory must be present and writable. {"exception":"[object] (Exception(code: 0): The /home/toni/Documentos/dpl_antonio/ut4/a3/travelroad/bootstrap/cache directory must be present and writable. at /home/toni/Documentos/dpl_antonio/ut4/a3/travelroad/vendor/laravel/framework/src/Illuminate/Foundation/PackageManifest.php:178)
[stacktrace]
#0 /home/toni/Documentos/dpl_antonio/ut4/a3/travelroad/vendor/laravel/framework/src/Illuminate/Foundation/PackageManifest.php(131): Illuminate\\Foundation\\PackageManifest->write()
#1 /home/toni/Documentos/dpl_antonio/ut4/a3/travelroad/vendor/laravel/framework/src/Illuminate/Foundation/PackageManifest.php(107): Illuminate\\Foundation\\PackageManifest->build()
#2 /home/toni/Documentos/dpl_antonio/ut4/a3/travelroad/vendor/laravel/framework/src/Illuminate/Foundation/PackageManifest.php(90): Illuminate\\Foundation\\PackageManifest->getManifest()
#3 /home/toni/Documentos/dpl_antonio/ut4/a3/travelroad/vendor/laravel/framework/src/Illuminate/Foundation/PackageManifest.php(79): Illuminate\\Foundation\\PackageManifest->config()
#4 /home/toni/Documentos/dpl_antonio/ut4/a3/travelroad/vendor/laravel/framework/src/Illuminate/Foundation/Bootstrap/RegisterFacades.php(26): Illuminate\\Foundation\\PackageManifest->aliases()
#5 /home/toni/Documentos/dpl_antonio/ut4/a3/travelroad/vendor/laravel/framework/src/Illuminate/Foundation/Application.php(286): Illuminate\\Foundation\\Bootstrap\\RegisterFacades->bootstrap()
#6 /home/toni/Documentos/dpl_antonio/ut4/a3/travelroad/vendor/laravel/framework/src/Illuminate/Foundation/Console/Kernel.php(447): Illuminate\\Foundation\\Application->bootstrapWith()
#7 /home/toni/Documentos/dpl_antonio/ut4/a3/travelroad/vendor/laravel/framework/src/Illuminate/Foundation/Console/Kernel.php(199): Illuminate\\Foundation\\Console\\Kernel->bootstrap()
#8 /home/toni/Documentos/dpl_antonio/ut4/a3/travelroad/artisan(12): Illuminate\\Foundation\\Console\\Kernel->handle()
#9 {main}
"} 
[2026-01-15 15:06:35] laravel.EMERGENCY: Unable to create configured logger. Using emergency logger. {"exception":"[object] (InvalidArgumentException(code: 0): Log [] is not defined. at /home/toni/Documentos/dpl_antonio/ut4/a3/travelroad/vendor/laravel/framework/src/Illuminate/Log/LogManager.php:212)
[stacktrace]
#0 /home/toni/Documentos/dpl_antonio/ut4/a3/travelroad/vendor/laravel/framework/src/Illuminate/Log/LogManager.php(137): Illuminate\\Log\\LogManager->resolve()
#1 /home/toni/Documentos/dpl_antonio/ut4/a3/travelroad/vendor/laravel/framework/src/Illuminate/Log/LogManager.php(124): Illuminate\\Log\\LogManager->get()
#2 /home/toni/Documentos/dpl_antonio/ut4/a3/travelroad/vendor/laravel/framework/src/Illuminate/Log/LogManager.php(681): Illuminate\\Log\\LogManager->driver()
#3 /home/toni/Documentos/dpl_antonio/ut4/a3/travelroad/vendor/laravel/framework/src/Illuminate/Foundation/Exceptions/Handler.php(317): Illuminate\\Log\\LogManager->error()
#4 /home/toni/Documentos/dpl_antonio/ut4/a3/travelroad/vendor/laravel/framework/src/Illuminate/Foundation/Exceptions/Handler.php(278): Illuminate\\Foundation\\Exceptions\\Handler->reportThrowable()
#5 /home/toni/Documentos/dpl_antonio/ut4/a3/travelroad/vendor/laravel/framework/src/Illuminate/Foundation/Console/Kernel.php(523): Illuminate\\Foundation\\Exceptions\\Handler->report()
#6 /home/toni/Documentos/dpl_antonio/ut4/a3/travelroad/vendor/laravel/framework/src/Illuminate/Foundation/Console/Kernel.php(203): Illuminate\\Foundation\\Console\\Kernel->reportException()
#7 /home/toni/Documentos/dpl_antonio/ut4/a3/travelroad/artisan(12): Illuminate\\Foundation\\Console\\Kernel->handle()
#8 {main}
"} 
[2026-01-15 15:06:35] laravel.ERROR: Class "App\Providers\AppServiceProvider" not found {"exception":"[object] (Error(code: 0): Class \"App\\Providers\\AppServiceProvider\" not found at /home/toni/Documentos/dpl_antonio/ut4/a3/travelroad/vendor/laravel/framework/src/Illuminate/Foundation/ProviderRepository.php:206)
[stacktrace]
#0 /home/toni/Documentos/dpl_antonio/ut4/a3/travelroad/vendor/laravel/framework/src/Illuminate/Foundation/ProviderRepository.php(142): Illuminate\\Foundation\\ProviderRepository->createProvider()
#1 /home/toni/Documentos/dpl_antonio/ut4/a3/travelroad/vendor/laravel/framework/src/Illuminate/Foundation/ProviderRepository.php(61): Illuminate\\Foundation\\ProviderRepository->compileManifest()
#2 /home/toni/Documentos/dpl_antonio/ut4/a3/travelroad/vendor/laravel/framework/src/Illuminate/Foundation/Application.php(794): Illuminate\\Foundation\\ProviderRepository->load()
#3 /home/toni/Documentos/dpl_antonio/ut4/a3/travelroad/vendor/laravel/framework/src/Illuminate/Foundation/Bootstrap/RegisterProviders.php(17): Illuminate\\Foundation\\Application->registerConfiguredProviders()
#4 /home/toni/Documentos/dpl_antonio/ut4/a3/travelroad/vendor/laravel/framework/src/Illuminate/Foundation/Application.php(286): Illuminate\\Foundation\\Bootstrap\\RegisterProviders->bootstrap()
#5 /home/toni/Documentos/dpl_antonio/ut4/a3/travelroad/vendor/laravel/framework/src/Illuminate/Foundation/Console/Kernel.php(447): Illuminate\\Foundation\\Application->bootstrapWith()
#6 /home/toni/Documentos/dpl_antonio/ut4/a3/travelroad/vendor/laravel/framework/src/Illuminate/Foundation/Console/Kernel.php(199): Illuminate\\Foundation\\Console\\Kernel->bootstrap()
#7 /home/toni/Documentos/dpl_antonio/ut4/a3/travelroad/artisan(12): Illuminate\\Foundation\\Console\\Kernel->handle()
#8 {main}
"} 
[2026-01-15 15:06:54] laravel.EMERGENCY: Unable to create configured logger. Using emergency logger. {"exception":"[object] (InvalidArgumentException(code: 0): Log [] is not defined. at /home/toni/Documentos/dpl_antonio/ut4/a3/travelroad/vendor/laravel/framework/src/Illuminate/Log/LogManager.php:212)
[stacktrace]
#0 /home/toni/Documentos/dpl_antonio/ut4/a3/travelroad/vendor/laravel/framework/src/Illuminate/Log/LogManager.php(137): Illuminate\\Log\\LogManager->resolve()
#1 /home/toni/Documentos/dpl_antonio/ut4/a3/travelroad/vendor/laravel/framework/src/Illuminate/Log/LogManager.php(124): Illuminate\\Log\\LogManager->get()
#2 /home/toni/Documentos/dpl_antonio/ut4/a3/travelroad/vendor/laravel/framework/src/Illuminate/Log/LogManager.php(681): Illuminate\\Log\\LogManager->driver()
#3 /home/toni/Documentos/dpl_antonio/ut4/a3/travelroad/vendor/laravel/framework/src/Illuminate/Foundation/Exceptions/Handler.php(317): Illuminate\\Log\\LogManager->error()
#4 /home/toni/Documentos/dpl_antonio/ut4/a3/travelroad/vendor/laravel/framework/src/Illuminate/Foundation/Exceptions/Handler.php(278): Illuminate\\Foundation\\Exceptions\\Handler->reportThrowable()
#5 /home/toni/Documentos/dpl_antonio/ut4/a3/travelroad/vendor/laravel/framework/src/Illuminate/Foundation/Console/Kernel.php(523): Illuminate\\Foundation\\Exceptions\\Handler->report()
#6 /home/toni/Documentos/dpl_antonio/ut4/a3/travelroad/vendor/laravel/framework/src/Illuminate/Foundation/Console/Kernel.php(203): Illuminate\\Foundation\\Console\\Kernel->reportException()
#7 /home/toni/Documentos/dpl_antonio/ut4/a3/travelroad/artisan(12): Illuminate\\Foundation\\Console\\Kernel->handle()
#8 {main}
"} 
[2026-01-15 15:06:54] laravel.ERROR: Class "App\Providers\RouteServiceProvider" not found {"exception":"[object] (Error(code: 0): Class \"App\\Providers\\RouteServiceProvider\" not found at /home/toni/Documentos/dpl_antonio/ut4/a3/travelroad/vendor/laravel/framework/src/Illuminate/Foundation/ProviderRepository.php:206)
[stacktrace]
#0 /home/toni/Documentos/dpl_antonio/ut4/a3/travelroad/vendor/laravel/framework/src/Illuminate/Foundation/ProviderRepository.php(142): Illuminate\\Foundation\\ProviderRepository->createProvider()
#1 /home/toni/Documentos/dpl_antonio/ut4/a3/travelroad/vendor/laravel/framework/src/Illuminate/Foundation/ProviderRepository.php(61): Illuminate\\Foundation\\ProviderRepository->compileManifest()
#2 /home/toni/Documentos/dpl_antonio/ut4/a3/travelroad/vendor/laravel/framework/src/Illuminate/Foundation/Application.php(794): Illuminate\\Foundation\\ProviderRepository->load()
#3 /home/toni/Documentos/dpl_antonio/ut4/a3/travelroad/vendor/laravel/framework/src/Illuminate/Foundation/Bootstrap/RegisterProviders.php(17): Illuminate\\Foundation\\Application->registerConfiguredProviders()
#4 /home/toni/Documentos/dpl_antonio/ut4/a3/travelroad/vendor/laravel/framework/src/Illuminate/Foundation/Application.php(286): Illuminate\\Foundation\\Bootstrap\\RegisterProviders->bootstrap()
#5 /home/toni/Documentos/dpl_antonio/ut4/a3/travelroad/vendor/laravel/framework/src/Illuminate/Foundation/Console/Kernel.php(447): Illuminate\\Foundation\\Application->bootstrapWith()
#6 /home/toni/Documentos/dpl_antonio/ut4/a3/travelroad/vendor/laravel/framework/src/Illuminate/Foundation/Console/Kernel.php(199): Illuminate\\Foundation\\Console\\Kernel->bootstrap()
#7 /home/toni/Documentos/dpl_antonio/ut4/a3/travelroad/artisan(12): Illuminate\\Foundation\\Console\\Kernel->handle()
#8 {main}
"} 
[2026-01-15 15:07:16] laravel.EMERGENCY: Unable to create configured logger. Using emergency logger. {"exception":"[object] (InvalidArgumentException(code: 0): Log [] is not defined. at /home/toni/Documentos/dpl_antonio/ut4/a3/travelroad/vendor/laravel/framework/src/Illuminate/Log/LogManager.php:212)
[stacktrace]
#0 /home/toni/Documentos/dpl_antonio/ut4/a3/travelroad/vendor/laravel/framework/src/Illuminate/Log/LogManager.php(137): Illuminate\\Log\\LogManager->resolve()
#1 /home/toni/Documentos/dpl_antonio/ut4/a3/travelroad/vendor/laravel/framework/src/Illuminate/Log/LogManager.php(124): Illuminate\\Log\\LogManager->get()
#2 /home/toni/Documentos/dpl_antonio/ut4/a3/travelroad/vendor/laravel/framework/src/Illuminate/Log/LogManager.php(681): Illuminate\\Log\\LogManager->driver()
#3 /home/toni/Documentos/dpl_antonio/ut4/a3/travelroad/vendor/laravel/framework/src/Illuminate/Foundation/Exceptions/Handler.php(317): Illuminate\\Log\\LogManager->error()
#4 /home/toni/Documentos/dpl_antonio/ut4/a3/travelroad/vendor/laravel/framework/src/Illuminate/Foundation/Exceptions/Handler.php(278): Illuminate\\Foundation\\Exceptions\\Handler->reportThrowable()
#5 /home/toni/Documentos/dpl_antonio/ut4/a3/travelroad/vendor/laravel/framework/src/Illuminate/Foundation/Console/Kernel.php(523): Illuminate\\Foundation\\Exceptions\\Handler->report()
#6 /home/toni/Documentos/dpl_antonio/ut4/a3/travelroad/vendor/laravel/framework/src/Illuminate/Foundation/Console/Kernel.php(203): Illuminate\\Foundation\\Console\\Kernel->reportException()
#7 /home/toni/Documentos/dpl_antonio/ut4/a3/travelroad/artisan(12): Illuminate\\Foundation\\Console\\Kernel->handle()
#8 {main}
"} 
[2026-01-15 15:07:16] laravel.ERROR: Class "App\Providers\RouteServiceProvider" not found {"exception":"[object] (Error(code: 0): Class \"App\\Providers\\RouteServiceProvider\" not found at /home/toni/Documentos/dpl_antonio/ut4/a3/travelroad/vendor/laravel/framework/src/Illuminate/Foundation/ProviderRepository.php:206)
[stacktrace]
#0 /home/toni/Documentos/dpl_antonio/ut4/a3/travelroad/vendor/laravel/framework/src/Illuminate/Foundation/ProviderRepository.php(142): Illuminate\\Foundation\\ProviderRepository->createProvider()
#1 /home/toni/Documentos/dpl_antonio/ut4/a3/travelroad/vendor/laravel/framework/src/Illuminate/Foundation/ProviderRepository.php(61): Illuminate\\Foundation\\ProviderRepository->compileManifest()
#2 /home/toni/Documentos/dpl_antonio/ut4/a3/travelroad/vendor/laravel/framework/src/Illuminate/Foundation/Application.php(794): Illuminate\\Foundation\\ProviderRepository->load()
#3 /home/toni/Documentos/dpl_antonio/ut4/a3/travelroad/vendor/laravel/framework/src/Illuminate/Foundation/Bootstrap/RegisterProviders.php(17): Illuminate\\Foundation\\Application->registerConfiguredProviders()
#4 /home/toni/Documentos/dpl_antonio/ut4/a3/travelroad/vendor/laravel/framework/src/Illuminate/Foundation/Application.php(286): Illuminate\\Foundation\\Bootstrap\\RegisterProviders->bootstrap()
#5 /home/toni/Documentos/dpl_antonio/ut4/a3/travelroad/vendor/laravel/framework/src/Illuminate/Foundation/Console/Kernel.php(447): Illuminate\\Foundation\\Application->bootstrapWith()
#6 /home/toni/Documentos/dpl_antonio/ut4/a3/travelroad/vendor/laravel/framework/src/Illuminate/Foundation/Console/Kernel.php(199): Illuminate\\Foundation\\Console\\Kernel->bootstrap()
#7 /home/toni/Documentos/dpl_antonio/ut4/a3/travelroad/artisan(12): Illuminate\\Foundation\\Console\\Kernel->handle()
#8 {main}
"} 
[2026-01-15 15:07:38] laravel.EMERGENCY: Unable to create configured logger. Using emergency logger. {"exception":"[object] (InvalidArgumentException(code: 0): Log [] is not defined. at /home/toni/Documentos/dpl_antonio/ut4/a3/travelroad/vendor/laravel/framework/src/Illuminate/Log/LogManager.php:212)
[stacktrace]
#0 /home/toni/Documentos/dpl_antonio/ut4/a3/travelroad/vendor/laravel/framework/src/Illuminate/Log/LogManager.php(137): Illuminate\\Log\\LogManager->resolve()
#1 /home/toni/Documentos/dpl_antonio/ut4/a3/travelroad/vendor/laravel/framework/src/Illuminate/Log/LogManager.php(124): Illuminate\\Log\\LogManager->get()
#2 /home/toni/Documentos/dpl_antonio/ut4/a3/travelroad/vendor/laravel/framework/src/Illuminate/Log/LogManager.php(681): Illuminate\\Log\\LogManager->driver()
#3 /home/toni/Documentos/dpl_antonio/ut4/a3/travelroad/vendor/laravel/framework/src/Illuminate/Foundation/Exceptions/Handler.php(317): Illuminate\\Log\\LogManager->error()
#4 /home/toni/Documentos/dpl_antonio/ut4/a3/travelroad/vendor/laravel/framework/src/Illuminate/Foundation/Exceptions/Handler.php(278): Illuminate\\Foundation\\Exceptions\\Handler->reportThrowable()
#5 /home/toni/Documentos/dpl_antonio/ut4/a3/travelroad/vendor/laravel/framework/src/Illuminate/Foundation/Console/Kernel.php(523): Illuminate\\Foundation\\Exceptions\\Handler->report()
#6 /home/toni/Documentos/dpl_antonio/ut4/a3/travelroad/vendor/laravel/framework/src/Illuminate/Foundation/Console/Kernel.php(203): Illuminate\\Foundation\\Console\\Kernel->reportException()
#7 /home/toni/Documentos/dpl_antonio/ut4/a3/travelroad/artisan(12): Illuminate\\Foundation\\Console\\Kernel->handle()
#8 {main}
"} 
[2026-01-15 15:07:38] laravel.ERROR: Class "App\Providers\RouteServiceProvider" not found {"exception":"[object] (Error(code: 0): Class \"App\\Providers\\RouteServiceProvider\" not found at /home/toni/Documentos/dpl_antonio/ut4/a3/travelroad/vendor/laravel/framework/src/Illuminate/Foundation/ProviderRepository.php:206)
[stacktrace]
#0 /home/toni/Documentos/dpl_antonio/ut4/a3/travelroad/vendor/laravel/framework/src/Illuminate/Foundation/ProviderRepository.php(142): Illuminate\\Foundation\\ProviderRepository->createProvider()
#1 /home/toni/Documentos/dpl_antonio/ut4/a3/travelroad/vendor/laravel/framework/src/Illuminate/Foundation/ProviderRepository.php(61): Illuminate\\Foundation\\ProviderRepository->compileManifest()
#2 /home/toni/Documentos/dpl_antonio/ut4/a3/travelroad/vendor/laravel/framework/src/Illuminate/Foundation/Application.php(794): Illuminate\\Foundation\\ProviderRepository->load()
#3 /home/toni/Documentos/dpl_antonio/ut4/a3/travelroad/vendor/laravel/framework/src/Illuminate/Foundation/Bootstrap/RegisterProviders.php(17): Illuminate\\Foundation\\Application->registerConfiguredProviders()
#4 /home/toni/Documentos/dpl_antonio/ut4/a3/travelroad/vendor/laravel/framework/src/Illuminate/Foundation/Application.php(286): Illuminate\\Foundation\\Bootstrap\\RegisterProviders->bootstrap()
#5 /home/toni/Documentos/dpl_antonio/ut4/a3/travelroad/vendor/laravel/framework/src/Illuminate/Foundation/Console/Kernel.php(447): Illuminate\\Foundation\\Application->bootstrapWith()
#6 /home/toni/Documentos/dpl_antonio/ut4/a3/travelroad/vendor/laravel/framework/src/Illuminate/Foundation/Console/Kernel.php(199): Illuminate\\Foundation\\Console\\Kernel->bootstrap()
#7 /home/toni/Documentos/dpl_antonio/ut4/a3/travelroad/artisan(12): Illuminate\\Foundation\\Console\\Kernel->handle()
#8 {main}
"} 
[2026-01-15 15:07:42] laravel.EMERGENCY: Unable to create configured logger. Using emergency logger. {"exception":"[object] (InvalidArgumentException(code: 0): Log [] is not defined. at /home/toni/Documentos/dpl_antonio/ut4/a3/travelroad/vendor/laravel/framework/src/Illuminate/Log/LogManager.php:212)
[stacktrace]
#0 /home/toni/Documentos/dpl_antonio/ut4/a3/travelroad/vendor/laravel/framework/src/Illuminate/Log/LogManager.php(137): Illuminate\\Log\\LogManager->resolve()
#1 /home/toni/Documentos/dpl_antonio/ut4/a3/travelroad/vendor/laravel/framework/src/Illuminate/Log/LogManager.php(124): Illuminate\\Log\\LogManager->get()
#2 /home/toni/Documentos/dpl_antonio/ut4/a3/travelroad/vendor/laravel/framework/src/Illuminate/Log/LogManager.php(681): Illuminate\\Log\\LogManager->driver()
#3 /home/toni/Documentos/dpl_antonio/ut4/a3/travelroad/vendor/laravel/framework/src/Illuminate/Foundation/Exceptions/Handler.php(317): Illuminate\\Log\\LogManager->error()
#4 /home/toni/Documentos/dpl_antonio/ut4/a3/travelroad/vendor/laravel/framework/src/Illuminate/Foundation/Exceptions/Handler.php(278): Illuminate\\Foundation\\Exceptions\\Handler->reportThrowable()
#5 /home/toni/Documentos/dpl_antonio/ut4/a3/travelroad/vendor/laravel/framework/src/Illuminate/Foundation/Console/Kernel.php(523): Illuminate\\Foundation\\Exceptions\\Handler->report()
#6 /home/toni/Documentos/dpl_antonio/ut4/a3/travelroad/vendor/laravel/framework/src/Illuminate/Foundation/Console/Kernel.php(203): Illuminate\\Foundation\\Console\\Kernel->reportException()
#7 /home/toni/Documentos/dpl_antonio/ut4/a3/travelroad/artisan(12): Illuminate\\Foundation\\Console\\Kernel->handle()
#8 {main}
"} 
[2026-01-15 15:07:42] laravel.ERROR: Class "App\Providers\RouteServiceProvider" not found {"exception":"[object] (Error(code: 0): Class \"App\\Providers\\RouteServiceProvider\" not found at /home/toni/Documentos/dpl_antonio/ut4/a3/travelroad/vendor/laravel/framework/src/Illuminate/Foundation/ProviderRepository.php:206)
[stacktrace]
#0 /home/toni/Documentos/dpl_antonio/ut4/a3/travelroad/vendor/laravel/framework/src/Illuminate/Foundation/ProviderRepository.php(142): Illuminate\\Foundation\\ProviderRepository->createProvider()
#1 /home/toni/Documentos/dpl_antonio/ut4/a3/travelroad/vendor/laravel/framework/src/Illuminate/Foundation/ProviderRepository.php(61): Illuminate\\Foundation\\ProviderRepository->compileManifest()
#2 /home/toni/Documentos/dpl_antonio/ut4/a3/travelroad/vendor/laravel/framework/src/Illuminate/Foundation/Application.php(794): Illuminate\\Foundation\\ProviderRepository->load()
#3 /home/toni/Documentos/dpl_antonio/ut4/a3/travelroad/vendor/laravel/framework/src/Illuminate/Foundation/Bootstrap/RegisterProviders.php(17): Illuminate\\Foundation\\Application->registerConfiguredProviders()
#4 /home/toni/Documentos/dpl_antonio/ut4/a3/travelroad/vendor/laravel/framework/src/Illuminate/Foundation/Application.php(286): Illuminate\\Foundation\\Bootstrap\\RegisterProviders->bootstrap()
#5 /home/toni/Documentos/dpl_antonio/ut4/a3/travelroad/vendor/laravel/framework/src/Illuminate/Foundation/Console/Kernel.php(447): Illuminate\\Foundation\\Application->bootstrapWith()
#6 /home/toni/Documentos/dpl_antonio/ut4/a3/travelroad/vendor/laravel/framework/src/Illuminate/Foundation/Console/Kernel.php(199): Illuminate\\Foundation\\Console\\Kernel->bootstrap()
#7 /home/toni/Documentos/dpl_antonio/ut4/a3/travelroad/artisan(12): Illuminate\\Foundation\\Console\\Kernel->handle()
#8 {main}
"} 
[2026-01-15 15:07:53] laravel.EMERGENCY: Unable to create configured logger. Using emergency logger. {"exception":"[object] (InvalidArgumentException(code: 0): Log [] is not defined. at /home/toni/Documentos/dpl_antonio/ut4/a3/travelroad/vendor/laravel/framework/src/Illuminate/Log/LogManager.php:212)
[stacktrace]
#0 /home/toni/Documentos/dpl_antonio/ut4/a3/travelroad/vendor/laravel/framework/src/Illuminate/Log/LogManager.php(137): Illuminate\\Log\\LogManager->resolve()
#1 /home/toni/Documentos/dpl_antonio/ut4/a3/travelroad/vendor/laravel/framework/src/Illuminate/Log/LogManager.php(124): Illuminate\\Log\\LogManager->get()
#2 /home/toni/Documentos/dpl_antonio/ut4/a3/travelroad/vendor/laravel/framework/src/Illuminate/Log/LogManager.php(681): Illuminate\\Log\\LogManager->driver()
#3 /home/toni/Documentos/dpl_antonio/ut4/a3/travelroad/vendor/laravel/framework/src/Illuminate/Foundation/Exceptions/Handler.php(317): Illuminate\\Log\\LogManager->error()
#4 /home/toni/Documentos/dpl_antonio/ut4/a3/travelroad/vendor/laravel/framework/src/Illuminate/Foundation/Exceptions/Handler.php(278): Illuminate\\Foundation\\Exceptions\\Handler->reportThrowable()
#5 /home/toni/Documentos/dpl_antonio/ut4/a3/travelroad/vendor/laravel/framework/src/Illuminate/Foundation/Console/Kernel.php(523): Illuminate\\Foundation\\Exceptions\\Handler->report()
#6 /home/toni/Documentos/dpl_antonio/ut4/a3/travelroad/vendor/laravel/framework/src/Illuminate/Foundation/Console/Kernel.php(203): Illuminate\\Foundation\\Console\\Kernel->reportException()
#7 /home/toni/Documentos/dpl_antonio/ut4/a3/travelroad/artisan(12): Illuminate\\Foundation\\Console\\Kernel->handle()
#8 {main}
"} 
[2026-01-15 15:07:53] laravel.ERROR: Class "App\Providers\RouteServiceProvider" not found {"exception":"[object] (Error(code: 0): Class \"App\\Providers\\RouteServiceProvider\" not found at /home/toni/Documentos/dpl_antonio/ut4/a3/travelroad/vendor/laravel/framework/src/Illuminate/Foundation/ProviderRepository.php:206)
[stacktrace]
#0 /home/toni/Documentos/dpl_antonio/ut4/a3/travelroad/vendor/laravel/framework/src/Illuminate/Foundation/ProviderRepository.php(142): Illuminate\\Foundation\\ProviderRepository->createProvider()
#1 /home/toni/Documentos/dpl_antonio/ut4/a3/travelroad/vendor/laravel/framework/src/Illuminate/Foundation/ProviderRepository.php(61): Illuminate\\Foundation\\ProviderRepository->compileManifest()
#2 /home/toni/Documentos/dpl_antonio/ut4/a3/travelroad/vendor/laravel/framework/src/Illuminate/Foundation/Application.php(794): Illuminate\\Foundation\\ProviderRepository->load()
#3 /home/toni/Documentos/dpl_antonio/ut4/a3/travelroad/vendor/laravel/framework/src/Illuminate/Foundation/Bootstrap/RegisterProviders.php(17): Illuminate\\Foundation\\Application->registerConfiguredProviders()
#4 /home/toni/Documentos/dpl_antonio/ut4/a3/travelroad/vendor/laravel/framework/src/Illuminate/Foundation/Application.php(286): Illuminate\\Foundation\\Bootstrap\\RegisterProviders->bootstrap()
#5 /home/toni/Documentos/dpl_antonio/ut4/a3/travelroad/vendor/laravel/framework/src/Illuminate/Foundation/Console/Kernel.php(447): Illuminate\\Foundation\\Application->bootstrapWith()
#6 /home/toni/Documentos/dpl_antonio/ut4/a3/travelroad/vendor/laravel/framework/src/Illuminate/Foundation/Console/Kernel.php(199): Illuminate\\Foundation\\Console\\Kernel->bootstrap()
#7 /home/toni/Documentos/dpl_antonio/ut4/a3/travelroad/artisan(12): Illuminate\\Foundation\\Console\\Kernel->handle()
#8 {main}
"} 
